[2025-04-15 23:38:30,066: INFO: main: Starting the application]
[2025-04-16 01:55:28,466: INFO: common: yaml file: config/config.yaml loaded successfully]
[2025-04-16 01:55:28,469: INFO: common: yaml file: params.yaml loaded successfully]
[2025-04-16 01:55:28,470: INFO: common: created directory at: artifacts]
[2025-04-16 01:55:28,470: INFO: common: created directory at: artifacts/data_ingestion]
[2025-04-16 01:55:29,445: INFO: 272366779: artifacts/data_ingestion/data.zip download! with following info: 
Date: Tue, 15 Apr 2025 20:25:29 GMT
Content-Type: text/html; charset=utf-8
Vary: X-PJAX, X-PJAX-Container, Turbo-Visit, Turbo-Frame,Accept-Encoding, Accept, X-Requested-With
ETag: W/"dd7de4d80856bc0e70d863adfad0dd46"
Cache-Control: max-age=0, private, must-revalidate
Strict-Transport-Security: max-age=31536000; includeSubdomains; preload
X-Frame-Options: deny
X-Content-Type-Options: nosniff
X-XSS-Protection: 0
Referrer-Policy: no-referrer-when-downgrade
Content-Security-Policy: default-src 'none'; base-uri 'self'; child-src github.githubassets.com github.com/assets-cdn/worker/ github.com/assets/ gist.github.com/assets-cdn/worker/; connect-src 'self' uploads.github.com www.githubstatus.com collector.github.com raw.githubusercontent.com api.github.com github-cloud.s3.amazonaws.com github-production-repository-file-5c1aeb.s3.amazonaws.com github-production-upload-manifest-file-7fdce7.s3.amazonaws.com github-production-user-asset-6210df.s3.amazonaws.com *.rel.tunnels.api.visualstudio.com wss://*.rel.tunnels.api.visualstudio.com objects-origin.githubusercontent.com copilot-proxy.githubusercontent.com proxy.individual.githubcopilot.com proxy.business.githubcopilot.com proxy.enterprise.githubcopilot.com *.actions.githubusercontent.com wss://*.actions.githubusercontent.com productionresultssa0.blob.core.windows.net/ productionresultssa1.blob.core.windows.net/ productionresultssa2.blob.core.windows.net/ productionresultssa3.blob.core.windows.net/ productionresultssa4.blob.core.windows.net/ productionresultssa5.blob.core.windows.net/ productionresultssa6.blob.core.windows.net/ productionresultssa7.blob.core.windows.net/ productionresultssa8.blob.core.windows.net/ productionresultssa9.blob.core.windows.net/ productionresultssa10.blob.core.windows.net/ productionresultssa11.blob.core.windows.net/ productionresultssa12.blob.core.windows.net/ productionresultssa13.blob.core.windows.net/ productionresultssa14.blob.core.windows.net/ productionresultssa15.blob.core.windows.net/ productionresultssa16.blob.core.windows.net/ productionresultssa17.blob.core.windows.net/ productionresultssa18.blob.core.windows.net/ productionresultssa19.blob.core.windows.net/ github-production-repository-image-32fea6.s3.amazonaws.com github-production-release-asset-2e65be.s3.amazonaws.com insights.github.com wss://alive.github.com api.githubcopilot.com api.individual.githubcopilot.com api.business.githubcopilot.com api.enterprise.githubcopilot.com; font-src github.githubassets.com; form-action 'self' github.com gist.github.com copilot-workspace.githubnext.com objects-origin.githubusercontent.com; frame-ancestors 'none'; frame-src viewscreen.githubusercontent.com notebooks.githubusercontent.com; img-src 'self' data: blob: github.githubassets.com media.githubusercontent.com camo.githubusercontent.com identicons.github.com avatars.githubusercontent.com private-avatars.githubusercontent.com github-cloud.s3.amazonaws.com objects.githubusercontent.com secured-user-images.githubusercontent.com/ user-images.githubusercontent.com/ private-user-images.githubusercontent.com opengraph.githubassets.com copilotprodattachments.blob.core.windows.net/github-production-copilot-attachments/ github-production-user-asset-6210df.s3.amazonaws.com customer-stories-feed.github.com spotlights-feed.github.com objects-origin.githubusercontent.com *.githubusercontent.com; manifest-src 'self'; media-src github.com user-images.githubusercontent.com/ secured-user-images.githubusercontent.com/ private-user-images.githubusercontent.com github-production-user-asset-6210df.s3.amazonaws.com gist.github.com; script-src github.githubassets.com; style-src 'unsafe-inline' github.githubassets.com; upgrade-insecure-requests; worker-src github.githubassets.com github.com/assets-cdn/worker/ github.com/assets/ gist.github.com/assets-cdn/worker/
Server: github.com
Accept-Ranges: bytes
Set-Cookie: _gh_sess=HtcrxV8M1L6hyJwTKDfntSzk%2F9rI7NOQeVAyVYJMjc9wmNqyTfoUcRJVtRllwsQuzo4epOVAEcuq4aAlfSXLs1TuxYrp6cR70Cyjd2sKfJ6EZnOOlmCY2eUkftT01CwZJp6DkVd3eDEB9Dr5FXdWLHCEgB9cgEwyOrT4Yt8msLEaRAR0ZOcrXtwsso5KQdDXAwkClYoDL0XcpkK0SM1MFMhyEvcxxdCmCb5WnONdq6eafXVQSyD0iizQqpMqJ%2BHh%2FLvUkuPQLbWzopfFoqZXLw%3D%3D--8rtkXF74BCerqvPs--kgYrvhg6%2Fs%2BSXLxhWcXt3g%3D%3D; Path=/; HttpOnly; Secure; SameSite=Lax
Set-Cookie: _octo=GH1.1.337977657.1744748728; Path=/; Domain=github.com; Expires=Wed, 15 Apr 2026 20:25:28 GMT; Secure; SameSite=Lax
Set-Cookie: logged_in=no; Path=/; Domain=github.com; Expires=Wed, 15 Apr 2026 20:25:28 GMT; HttpOnly; Secure; SameSite=Lax
X-GitHub-Request-Id: C3DD:231EC3:34800A:40883F:67FEC0B8
connection: close
Transfer-Encoding: chunked

]
[2025-04-16 01:56:00,941: INFO: common: yaml file: config/config.yaml loaded successfully]
[2025-04-16 01:56:00,942: INFO: common: yaml file: params.yaml loaded successfully]
[2025-04-16 01:56:00,943: INFO: common: created directory at: artifacts]
[2025-04-16 01:56:00,943: INFO: common: created directory at: artifacts/data_ingestion]
[2025-04-16 01:56:00,944: INFO: 272366779: File already exists of size: ~ 203 KB]
[2025-04-16 01:56:35,302: INFO: common: yaml file: config/config.yaml loaded successfully]
[2025-04-16 01:56:35,310: INFO: common: yaml file: params.yaml loaded successfully]
[2025-04-16 01:56:35,310: INFO: common: created directory at: artifacts]
[2025-04-16 01:56:35,311: INFO: common: created directory at: artifacts/data_ingestion]
[2025-04-16 01:56:35,311: INFO: 272366779: File already exists of size: ~ 203 KB]
[2025-04-16 01:56:52,002: INFO: common: yaml file: config/config.yaml loaded successfully]
[2025-04-16 01:56:52,004: INFO: common: yaml file: params.yaml loaded successfully]
[2025-04-16 01:56:52,004: INFO: common: created directory at: artifacts]
[2025-04-16 01:56:52,005: INFO: common: created directory at: artifacts/data_ingestion]
[2025-04-16 01:56:52,005: INFO: 272366779: File already exists of size: ~ 203 KB]
[2025-04-16 01:59:16,115: INFO: common: yaml file: config/config.yaml loaded successfully]
[2025-04-16 01:59:16,118: INFO: common: yaml file: params.yaml loaded successfully]
[2025-04-16 01:59:16,118: INFO: common: created directory at: artifacts]
[2025-04-16 01:59:16,119: INFO: common: created directory at: artifacts/data_ingestion]
[2025-04-16 01:59:16,119: INFO: 272366779: File already exists of size: ~ 203 KB]
[2025-04-16 01:59:56,753: INFO: common: yaml file: config/config.yaml loaded successfully]
[2025-04-16 01:59:56,756: INFO: common: yaml file: params.yaml loaded successfully]
[2025-04-16 01:59:56,757: INFO: common: created directory at: artifacts]
[2025-04-16 01:59:56,758: INFO: common: created directory at: artifacts/data_ingestion]
[2025-04-16 01:59:56,759: INFO: 272366779: File already exists of size: ~ 203 KB]
[2025-04-16 02:01:08,664: INFO: common: yaml file: config/config.yaml loaded successfully]
[2025-04-16 02:01:08,667: INFO: common: yaml file: params.yaml loaded successfully]
[2025-04-16 02:01:08,667: INFO: common: created directory at: artifacts]
[2025-04-16 02:01:08,668: INFO: common: created directory at: artifacts/data_ingestion]
[2025-04-16 02:01:08,669: INFO: 272366779: File already exists of size: ~ 203 KB]
[2025-04-16 02:02:12,687: INFO: common: yaml file: config/config.yaml loaded successfully]
[2025-04-16 02:02:12,689: INFO: common: yaml file: params.yaml loaded successfully]
[2025-04-16 02:02:12,690: INFO: common: created directory at: artifacts]
[2025-04-16 02:02:12,690: INFO: common: created directory at: artifacts/data_ingestion]
[2025-04-16 02:02:12,691: INFO: 272366779: File already exists of size: ~ 203 KB]
[2025-04-16 02:02:59,230: INFO: common: yaml file: config/config.yaml loaded successfully]
[2025-04-16 02:02:59,241: INFO: common: yaml file: params.yaml loaded successfully]
[2025-04-16 02:02:59,245: INFO: common: created directory at: artifacts]
[2025-04-16 02:02:59,247: INFO: common: created directory at: artifacts/data_ingestion]
[2025-04-16 02:02:59,248: INFO: 272366779: File already exists of size: ~ 203 KB]
[2025-04-16 02:04:47,189: INFO: common: yaml file: config/config.yaml loaded successfully]
[2025-04-16 02:04:47,192: INFO: common: yaml file: params.yaml loaded successfully]
[2025-04-16 02:04:47,193: INFO: common: created directory at: artifacts]
[2025-04-16 02:04:47,194: INFO: common: created directory at: artifacts/data_ingestion]
[2025-04-16 02:04:48,112: INFO: 272366779: artifacts/data_ingestion/data.zip download! with following info: 
Date: Tue, 15 Apr 2025 20:34:47 GMT
Content-Type: text/html; charset=utf-8
Vary: X-PJAX, X-PJAX-Container, Turbo-Visit, Turbo-Frame,Accept-Encoding, Accept, X-Requested-With
ETag: W/"ef2f332aee0d6b7b988859520299ca7e"
Cache-Control: max-age=0, private, must-revalidate
Strict-Transport-Security: max-age=31536000; includeSubdomains; preload
X-Frame-Options: deny
X-Content-Type-Options: nosniff
X-XSS-Protection: 0
Referrer-Policy: no-referrer-when-downgrade
Content-Security-Policy: default-src 'none'; base-uri 'self'; child-src github.githubassets.com github.com/assets-cdn/worker/ github.com/assets/ gist.github.com/assets-cdn/worker/; connect-src 'self' uploads.github.com www.githubstatus.com collector.github.com raw.githubusercontent.com api.github.com github-cloud.s3.amazonaws.com github-production-repository-file-5c1aeb.s3.amazonaws.com github-production-upload-manifest-file-7fdce7.s3.amazonaws.com github-production-user-asset-6210df.s3.amazonaws.com *.rel.tunnels.api.visualstudio.com wss://*.rel.tunnels.api.visualstudio.com objects-origin.githubusercontent.com copilot-proxy.githubusercontent.com proxy.individual.githubcopilot.com proxy.business.githubcopilot.com proxy.enterprise.githubcopilot.com *.actions.githubusercontent.com wss://*.actions.githubusercontent.com productionresultssa0.blob.core.windows.net/ productionresultssa1.blob.core.windows.net/ productionresultssa2.blob.core.windows.net/ productionresultssa3.blob.core.windows.net/ productionresultssa4.blob.core.windows.net/ productionresultssa5.blob.core.windows.net/ productionresultssa6.blob.core.windows.net/ productionresultssa7.blob.core.windows.net/ productionresultssa8.blob.core.windows.net/ productionresultssa9.blob.core.windows.net/ productionresultssa10.blob.core.windows.net/ productionresultssa11.blob.core.windows.net/ productionresultssa12.blob.core.windows.net/ productionresultssa13.blob.core.windows.net/ productionresultssa14.blob.core.windows.net/ productionresultssa15.blob.core.windows.net/ productionresultssa16.blob.core.windows.net/ productionresultssa17.blob.core.windows.net/ productionresultssa18.blob.core.windows.net/ productionresultssa19.blob.core.windows.net/ github-production-repository-image-32fea6.s3.amazonaws.com github-production-release-asset-2e65be.s3.amazonaws.com insights.github.com wss://alive.github.com api.githubcopilot.com api.individual.githubcopilot.com api.business.githubcopilot.com api.enterprise.githubcopilot.com; font-src github.githubassets.com; form-action 'self' github.com gist.github.com copilot-workspace.githubnext.com objects-origin.githubusercontent.com; frame-ancestors 'none'; frame-src viewscreen.githubusercontent.com notebooks.githubusercontent.com; img-src 'self' data: blob: github.githubassets.com media.githubusercontent.com camo.githubusercontent.com identicons.github.com avatars.githubusercontent.com private-avatars.githubusercontent.com github-cloud.s3.amazonaws.com objects.githubusercontent.com secured-user-images.githubusercontent.com/ user-images.githubusercontent.com/ private-user-images.githubusercontent.com opengraph.githubassets.com copilotprodattachments.blob.core.windows.net/github-production-copilot-attachments/ github-production-user-asset-6210df.s3.amazonaws.com customer-stories-feed.github.com spotlights-feed.github.com objects-origin.githubusercontent.com *.githubusercontent.com; manifest-src 'self'; media-src github.com user-images.githubusercontent.com/ secured-user-images.githubusercontent.com/ private-user-images.githubusercontent.com github-production-user-asset-6210df.s3.amazonaws.com gist.github.com; script-src github.githubassets.com; style-src 'unsafe-inline' github.githubassets.com; upgrade-insecure-requests; worker-src github.githubassets.com github.com/assets-cdn/worker/ github.com/assets/ gist.github.com/assets-cdn/worker/
Server: github.com
Accept-Ranges: bytes
Set-Cookie: _gh_sess=xcgLidWocbKyvVVtX6oENDXp2RwbmwExnTT89Lrhxs6Bbw%2FmqmUB7xjK%2Fnx8dU%2Fqmayzn3TLywg3TLycYLY8QYYSNkW2IP2d2eanS6vE3WOGtfa%2FyB5SMLcy5v2su%2BbVdglWN4Qgcz8MDI4FvqkIhik%2BTAy3h6h4Q8hke2maPbtrU5G7Sp80lD5rXH%2BfP6lQrZX%2BSLrKwU9I6Q1Z6zAXdn2t6MznPLtvdZu9Q6Yc8c0q7%2Bc7BPM5icM3lYJJWYdqCh1o2D1V8XxBHOE%2BwTwCOg%3D%3D--JTmvaPISlPQ6igct--XutVaD1IiPG3oHp7GanTzA%3D%3D; Path=/; HttpOnly; Secure; SameSite=Lax
Set-Cookie: _octo=GH1.1.1053542811.1744749287; Path=/; Domain=github.com; Expires=Wed, 15 Apr 2026 20:34:47 GMT; Secure; SameSite=Lax
Set-Cookie: logged_in=no; Path=/; Domain=github.com; Expires=Wed, 15 Apr 2026 20:34:47 GMT; HttpOnly; Secure; SameSite=Lax
X-GitHub-Request-Id: C659:13A647:356600:41B96B:67FEC2E7
connection: close
Transfer-Encoding: chunked

]
[2025-04-16 02:05:24,112: INFO: common: yaml file: config/config.yaml loaded successfully]
[2025-04-16 02:05:24,114: INFO: common: yaml file: params.yaml loaded successfully]
[2025-04-16 02:05:24,114: INFO: common: created directory at: artifacts]
[2025-04-16 02:07:34,619: INFO: common: yaml file: config/config.yaml loaded successfully]
[2025-04-16 02:07:34,621: INFO: common: yaml file: params.yaml loaded successfully]
[2025-04-16 02:07:34,622: INFO: common: created directory at: artifacts]
[2025-04-16 02:07:34,622: INFO: common: created directory at: artifacts/data_ingestion]
[2025-04-16 02:07:34,622: INFO: 272366779: File already exists of size: ~ 203 KB]
[2025-04-16 02:10:46,596: INFO: common: yaml file: config/config.yaml loaded successfully]
[2025-04-16 02:10:46,598: INFO: common: yaml file: params.yaml loaded successfully]
[2025-04-16 02:10:46,599: INFO: common: created directory at: artifacts]
[2025-04-16 02:10:46,599: INFO: common: created directory at: artifacts/data_ingestion]
[2025-04-16 02:10:46,600: INFO: 272366779: File already exists of size: ~ 203 KB]
[2025-04-16 02:15:57,487: INFO: common: yaml file: config/config.yaml loaded successfully]
[2025-04-16 02:15:57,493: INFO: common: yaml file: params.yaml loaded successfully]
[2025-04-16 02:15:57,494: INFO: common: created directory at: artifacts]
[2025-04-16 02:15:57,495: INFO: common: created directory at: artifacts/data_ingestion]
[2025-04-16 02:15:57,496: INFO: 272366779: File already exists of size: ~ 203 KB]
[2025-04-16 02:18:51,661: INFO: common: yaml file: config/config.yaml loaded successfully]
[2025-04-16 02:18:51,666: INFO: common: yaml file: params.yaml loaded successfully]
[2025-04-16 02:18:51,668: INFO: common: created directory at: artifacts]
[2025-04-16 02:18:51,669: INFO: common: created directory at: artifacts/data_ingestion]
[2025-04-16 02:19:09,464: INFO: common: yaml file: config/config.yaml loaded successfully]
[2025-04-16 02:19:09,466: INFO: common: yaml file: params.yaml loaded successfully]
[2025-04-16 02:19:09,467: INFO: common: created directory at: artifacts]
[2025-04-16 02:19:09,468: INFO: common: created directory at: artifacts/data_ingestion]
[2025-04-16 02:22:21,251: INFO: common: yaml file: config/config.yaml loaded successfully]
[2025-04-16 02:22:21,253: INFO: common: yaml file: params.yaml loaded successfully]
[2025-04-16 02:22:21,253: INFO: common: created directory at: artifacts]
[2025-04-16 02:27:47,530: INFO: common: yaml file: config/config.yaml loaded successfully]
[2025-04-16 02:27:47,532: INFO: common: yaml file: params.yaml loaded successfully]
[2025-04-16 02:27:47,532: INFO: common: created directory at: artifacts]
[2025-04-16 02:27:47,533: INFO: common: created directory at: artifacts/data_ingestion]
[2025-04-16 02:27:47,533: INFO: 272366779: File already exists of size: ~ 203 KB]
[2025-04-16 02:29:49,936: INFO: common: yaml file: config/config.yaml loaded successfully]
[2025-04-16 02:29:49,942: INFO: common: yaml file: params.yaml loaded successfully]
[2025-04-16 02:29:49,944: INFO: common: created directory at: artifacts]
[2025-04-16 02:29:49,944: INFO: common: created directory at: artifacts/data_ingestion]
[2025-04-16 02:29:49,945: INFO: 272366779: File already exists of size: ~ 203 KB]
[2025-04-16 02:30:13,691: INFO: common: yaml file: config/config.yaml loaded successfully]
[2025-04-16 02:30:13,693: INFO: common: yaml file: params.yaml loaded successfully]
[2025-04-16 02:30:13,693: INFO: common: created directory at: artifacts]
[2025-04-16 02:30:13,694: INFO: common: created directory at: artifacts/data_ingestion]
[2025-04-16 02:30:13,694: INFO: 272366779: File already exists of size: ~ 203 KB]
[2025-04-16 02:30:24,549: INFO: common: yaml file: config/config.yaml loaded successfully]
[2025-04-16 02:30:24,553: INFO: common: yaml file: params.yaml loaded successfully]
[2025-04-16 02:30:24,555: INFO: common: created directory at: artifacts]
[2025-04-16 02:30:24,558: INFO: common: created directory at: artifacts/data_ingestion]
[2025-04-16 02:30:24,561: INFO: 272366779: File already exists of size: ~ 203 KB]
[2025-04-16 02:30:55,810: INFO: common: yaml file: config/config.yaml loaded successfully]
[2025-04-16 02:30:55,812: INFO: common: yaml file: params.yaml loaded successfully]
[2025-04-16 02:30:55,813: INFO: common: created directory at: artifacts]
[2025-04-16 02:30:55,814: INFO: common: created directory at: artifacts/data_ingestion]
[2025-04-16 02:30:55,814: INFO: 272366779: File already exists of size: ~ 203 KB]
[2025-04-16 02:31:43,609: INFO: common: yaml file: config/config.yaml loaded successfully]
[2025-04-16 02:31:43,611: INFO: common: yaml file: params.yaml loaded successfully]
[2025-04-16 02:31:43,612: INFO: common: created directory at: artifacts]
[2025-04-16 02:31:43,612: INFO: common: created directory at: artifacts/data_ingestion]
[2025-04-16 02:31:43,613: INFO: 272366779: File already exists of size: ~ 203 KB]
[2025-04-16 02:39:43,177: INFO: common: yaml file: config/config.yaml loaded successfully]
[2025-04-16 02:39:43,180: INFO: common: yaml file: params.yaml loaded successfully]
[2025-04-16 02:39:43,180: INFO: common: created directory at: artifacts]
[2025-04-16 02:39:43,181: INFO: common: created directory at: artifacts/data_ingestion]
[2025-04-16 02:39:43,182: INFO: 2366278714: File already exists of size: ~ 203 KB]
[2025-04-16 02:51:28,113: INFO: common: yaml file: config/config.yaml loaded successfully]
[2025-04-16 02:51:28,116: INFO: common: yaml file: params.yaml loaded successfully]
[2025-04-16 02:51:28,116: INFO: common: created directory at: artifacts]
[2025-04-16 02:51:28,116: INFO: common: created directory at: artifacts/data_ingestion]
[2025-04-16 02:51:28,117: INFO: 2366278714: File already exists of size: ~ 203 KB]
[2025-04-16 02:53:44,653: INFO: common: yaml file: config/config.yaml loaded successfully]
[2025-04-16 02:53:44,654: INFO: common: yaml file: params.yaml loaded successfully]
[2025-04-16 02:53:44,655: INFO: common: created directory at: artifacts]
[2025-04-16 02:53:44,655: INFO: common: created directory at: artifacts/data_ingestion]
[2025-04-16 02:53:44,656: INFO: 2366278714: File already exists of size: ~ 7718 KB]
[2025-04-16 02:54:20,668: INFO: common: yaml file: config/config.yaml loaded successfully]
[2025-04-16 02:54:20,670: INFO: common: yaml file: params.yaml loaded successfully]
[2025-04-16 02:54:20,671: INFO: common: created directory at: artifacts]
[2025-04-16 02:54:20,672: INFO: common: created directory at: artifacts/data_validation]
[2025-04-16 03:17:17,775: INFO: main: Starting the application]
[2025-04-16 03:17:42,320: INFO: main: Starting the application]
[2025-04-16 03:19:27,226: INFO: main: Starting the application]
[2025-04-16 03:23:25,328: INFO: main: >>>>>> stage Data Ingestion stage started <<<<<<]
[2025-04-16 03:23:25,330: INFO: common: yaml file: config/config.yaml loaded successfully]
[2025-04-16 03:23:25,331: INFO: common: yaml file: params.yaml loaded successfully]
[2025-04-16 03:23:25,331: INFO: common: created directory at: artifacts]
[2025-04-16 03:23:25,331: INFO: common: created directory at: artifacts/data_ingestion]
[2025-04-16 03:23:25,331: INFO: data_ingestion: File already exists of size: ~ 7718 KB]
[2025-04-16 03:23:25,444: INFO: main: >>>>>> stage Data Ingestion stage completed <<<<<<

x==========x]
[2025-04-16 03:24:54,733: INFO: common: yaml file: config/config.yaml loaded successfully]
[2025-04-16 03:24:54,735: INFO: common: yaml file: params.yaml loaded successfully]
[2025-04-16 03:24:54,735: INFO: common: created directory at: artifacts]
[2025-04-16 03:24:54,736: INFO: common: created directory at: artifacts/data_validation]
[2025-04-16 03:38:15,792: INFO: config: PyTorch version 2.4.1 available.]
[2025-04-16 03:38:18,602: INFO: common: yaml file: config/config.yaml loaded successfully]
[2025-04-16 03:38:18,605: INFO: common: yaml file: params.yaml loaded successfully]
[2025-04-16 03:38:18,606: INFO: common: created directory at: artifacts]
[2025-04-16 03:38:18,607: INFO: common: created directory at: artifacts/data_transformation]
[2025-04-16 03:41:18,899: INFO: config: PyTorch version 2.4.1 available.]
[2025-04-16 03:41:19,107: INFO: common: yaml file: config/config.yaml loaded successfully]
[2025-04-16 03:41:19,109: INFO: common: yaml file: params.yaml loaded successfully]
[2025-04-16 03:41:19,109: INFO: common: created directory at: artifacts]
[2025-04-16 03:41:19,109: INFO: common: created directory at: artifacts/data_transformation]
[2025-04-16 03:43:22,249: INFO: main: >>>>>> stage Data Ingestion stage started <<<<<<]
[2025-04-16 03:43:22,251: INFO: common: yaml file: config/config.yaml loaded successfully]
[2025-04-16 03:43:22,252: INFO: common: yaml file: params.yaml loaded successfully]
[2025-04-16 03:43:22,252: INFO: common: created directory at: artifacts]
[2025-04-16 03:43:22,252: INFO: common: created directory at: artifacts/data_ingestion]
[2025-04-16 03:43:22,252: INFO: data_ingestion: File already exists of size: ~ 7718 KB]
[2025-04-16 03:43:22,344: INFO: main: >>>>>> stage Data Ingestion stage completed <<<<<<

x==========x]
[2025-04-16 03:43:22,344: INFO: main: >>>>>> stage Data Validation stage started <<<<<<]
[2025-04-16 03:43:22,346: INFO: common: yaml file: config/config.yaml loaded successfully]
[2025-04-16 03:43:22,346: INFO: common: yaml file: params.yaml loaded successfully]
[2025-04-16 03:43:22,346: INFO: common: created directory at: artifacts]
[2025-04-16 03:43:22,347: INFO: common: created directory at: artifacts/data_validation]
[2025-04-16 03:43:22,347: INFO: main: >>>>>> stage Data Validation stage completed <<<<<<

x==========x]
[2025-04-16 03:46:53,243: INFO: config: PyTorch version 2.4.1 available.]
[2025-04-16 03:46:53,442: INFO: main: >>>>>> stage Data Ingestion stage started <<<<<<]
[2025-04-16 03:46:53,444: INFO: common: yaml file: config/config.yaml loaded successfully]
[2025-04-16 03:46:53,444: INFO: common: yaml file: params.yaml loaded successfully]
[2025-04-16 03:46:53,444: INFO: common: created directory at: artifacts]
[2025-04-16 03:46:53,444: INFO: common: created directory at: artifacts/data_ingestion]
[2025-04-16 03:46:53,444: INFO: data_ingestion: File already exists of size: ~ 7718 KB]
[2025-04-16 03:46:53,530: INFO: main: >>>>>> stage Data Ingestion stage completed <<<<<<

x==========x]
[2025-04-16 03:46:53,530: INFO: main: >>>>>> stage Data Validation stage started <<<<<<]
[2025-04-16 03:46:53,531: INFO: common: yaml file: config/config.yaml loaded successfully]
[2025-04-16 03:46:53,532: INFO: common: yaml file: params.yaml loaded successfully]
[2025-04-16 03:46:53,532: INFO: common: created directory at: artifacts]
[2025-04-16 03:46:53,532: INFO: common: created directory at: artifacts/data_validation]
[2025-04-16 03:46:53,533: INFO: main: >>>>>> stage Data Validation stage completed <<<<<<

x==========x]
[2025-04-16 03:46:53,533: INFO: main: >>>>>> stage Data Transformation stage started <<<<<<]
[2025-04-16 03:46:53,534: INFO: common: yaml file: config/config.yaml loaded successfully]
[2025-04-16 03:46:53,535: INFO: common: yaml file: params.yaml loaded successfully]
[2025-04-16 03:46:53,535: INFO: common: created directory at: artifacts]
[2025-04-16 03:46:53,535: INFO: common: created directory at: artifacts/data_transformation]
[2025-04-16 03:46:57,183: INFO: main: >>>>>> stage Data Transformation stage completed <<<<<<

x==========x]
[2025-04-16 03:47:38,837: INFO: config: PyTorch version 2.4.1 available.]
[2025-04-16 03:47:38,991: INFO: common: yaml file: config/config.yaml loaded successfully]
[2025-04-16 03:47:38,992: INFO: common: yaml file: params.yaml loaded successfully]
[2025-04-16 03:47:38,992: INFO: common: created directory at: artifacts]
[2025-04-16 03:47:38,993: INFO: common: created directory at: artifacts/model_trainer]
[2025-04-16 03:48:45,261: INFO: config: PyTorch version 2.4.1 available.]
[2025-04-16 03:48:47,266: INFO: common: yaml file: config/config.yaml loaded successfully]
[2025-04-16 03:48:47,268: INFO: common: yaml file: params.yaml loaded successfully]
[2025-04-16 03:48:47,269: INFO: common: created directory at: artifacts]
[2025-04-16 03:48:47,271: INFO: common: created directory at: artifacts/model_trainer]
[2025-04-16 03:49:38,888: INFO: config: PyTorch version 2.4.1 available.]
[2025-04-16 03:49:43,129: INFO: common: yaml file: config/config.yaml loaded successfully]
[2025-04-16 03:49:43,133: INFO: common: yaml file: params.yaml loaded successfully]
[2025-04-16 03:49:43,134: INFO: common: created directory at: artifacts]
[2025-04-16 03:49:43,135: INFO: common: created directory at: artifacts/model_trainer]
[2025-04-16 03:51:49,238: INFO: config: PyTorch version 2.4.1 available.]
[2025-04-16 03:51:49,420: INFO: common: yaml file: config/config.yaml loaded successfully]
[2025-04-16 03:51:49,424: INFO: common: yaml file: params.yaml loaded successfully]
[2025-04-16 03:51:49,424: INFO: common: created directory at: artifacts]
[2025-04-16 03:51:49,425: INFO: common: created directory at: artifacts/model_trainer]
[2025-04-16 03:59:29,365: INFO: config: PyTorch version 2.4.1 available.]
[2025-04-16 03:59:30,061: INFO: main: >>>>>> stage Data Ingestion stage started <<<<<<]
[2025-04-16 03:59:30,062: INFO: common: yaml file: config/config.yaml loaded successfully]
[2025-04-16 03:59:30,063: INFO: common: yaml file: params.yaml loaded successfully]
[2025-04-16 03:59:30,063: INFO: common: created directory at: artifacts]
[2025-04-16 03:59:30,063: INFO: common: created directory at: artifacts/data_ingestion]
[2025-04-16 03:59:30,063: INFO: data_ingestion: File already exists of size: ~ 7718 KB]
[2025-04-16 03:59:30,183: INFO: main: >>>>>> stage Data Ingestion stage completed <<<<<<

x==========x]
[2025-04-16 03:59:30,183: INFO: main: >>>>>> stage Data Validation stage started <<<<<<]
[2025-04-16 03:59:30,185: INFO: common: yaml file: config/config.yaml loaded successfully]
[2025-04-16 03:59:30,185: INFO: common: yaml file: params.yaml loaded successfully]
[2025-04-16 03:59:30,186: INFO: common: created directory at: artifacts]
[2025-04-16 03:59:30,186: INFO: common: created directory at: artifacts/data_validation]
[2025-04-16 03:59:30,186: INFO: main: >>>>>> stage Data Validation stage completed <<<<<<

x==========x]
[2025-04-16 03:59:30,186: INFO: main: >>>>>> stage Data Transformation stage started <<<<<<]
[2025-04-16 03:59:30,187: INFO: common: yaml file: config/config.yaml loaded successfully]
[2025-04-16 03:59:30,188: INFO: common: yaml file: params.yaml loaded successfully]
[2025-04-16 03:59:30,188: INFO: common: created directory at: artifacts]
[2025-04-16 03:59:30,188: INFO: common: created directory at: artifacts/data_transformation]
[2025-04-16 03:59:32,377: INFO: main: >>>>>> stage Data Transformation stage completed <<<<<<

x==========x]
[2025-04-16 04:00:02,159: INFO: config: PyTorch version 2.4.1 available.]
[2025-04-16 04:00:02,761: INFO: main: >>>>>> stage Data Ingestion stage started <<<<<<]
[2025-04-16 04:00:02,763: INFO: common: yaml file: config/config.yaml loaded successfully]
[2025-04-16 04:00:02,764: INFO: common: yaml file: params.yaml loaded successfully]
[2025-04-16 04:00:02,764: INFO: common: created directory at: artifacts]
[2025-04-16 04:00:02,764: INFO: common: created directory at: artifacts/data_ingestion]
[2025-04-16 04:00:02,764: INFO: data_ingestion: File already exists of size: ~ 7718 KB]
[2025-04-16 04:00:02,853: INFO: main: >>>>>> stage Data Ingestion stage completed <<<<<<

x==========x]
[2025-04-16 04:00:02,853: INFO: main: >>>>>> stage Data Validation stage started <<<<<<]
[2025-04-16 04:00:02,855: INFO: common: yaml file: config/config.yaml loaded successfully]
[2025-04-16 04:00:02,855: INFO: common: yaml file: params.yaml loaded successfully]
[2025-04-16 04:00:02,855: INFO: common: created directory at: artifacts]
[2025-04-16 04:00:02,855: INFO: common: created directory at: artifacts/data_validation]
[2025-04-16 04:00:02,857: INFO: main: >>>>>> stage Data Validation stage completed <<<<<<

x==========x]
[2025-04-16 04:00:02,857: INFO: main: >>>>>> stage Data Transformation stage started <<<<<<]
[2025-04-16 04:00:02,858: INFO: common: yaml file: config/config.yaml loaded successfully]
[2025-04-16 04:00:02,859: INFO: common: yaml file: params.yaml loaded successfully]
[2025-04-16 04:00:02,860: INFO: common: created directory at: artifacts]
[2025-04-16 04:00:02,860: INFO: common: created directory at: artifacts/data_transformation]
[2025-04-16 04:00:04,856: INFO: main: >>>>>> stage Data Transformation stage completed <<<<<<

x==========x]
[2025-04-16 04:00:04,856: INFO: main: *******************]
[2025-04-16 04:00:04,857: INFO: main: >>>>>> stage Model Trainer stage started <<<<<<]
[2025-04-16 04:00:04,858: INFO: common: yaml file: config/config.yaml loaded successfully]
[2025-04-16 04:00:04,859: INFO: common: yaml file: params.yaml loaded successfully]
[2025-04-16 04:00:04,859: INFO: common: created directory at: artifacts]
[2025-04-16 04:00:04,859: INFO: common: created directory at: artifacts/model_trainer]
[2025-04-16 04:00:04,860: ERROR: main: "'ConfigBox' object has no attribute 'evaluation_strategy'"]
Traceback (most recent call last):
  File "/opt/anaconda3/envs/summary/lib/python3.8/site-packages/box/box.py", line 503, in __getitem__
    return super().__getitem__(item)
KeyError: 'evaluation_strategy'

The above exception was the direct cause of the following exception:

Traceback (most recent call last):
  File "/opt/anaconda3/envs/summary/lib/python3.8/site-packages/box/box.py", line 536, in __getattr__
    value = self.__getitem__(item, _ignore_default=True)
  File "/opt/anaconda3/envs/summary/lib/python3.8/site-packages/box/box.py", line 524, in __getitem__
    raise BoxKeyError(str(err)) from _exception_cause(err)
box.exceptions.BoxKeyError: "'evaluation_strategy'"

During handling of the above exception, another exception occurred:

Traceback (most recent call last):
  File "/opt/anaconda3/envs/summary/lib/python3.8/site-packages/box/box.py", line 538, in __getattr__
    value = object.__getattribute__(self, item)
AttributeError: 'ConfigBox' object has no attribute 'evaluation_strategy'

The above exception was the direct cause of the following exception:

Traceback (most recent call last):
  File "/opt/anaconda3/envs/summary/lib/python3.8/site-packages/box/config_box.py", line 28, in __getattr__
    return super().__getattr__(item)
  File "/opt/anaconda3/envs/summary/lib/python3.8/site-packages/box/box.py", line 552, in __getattr__
    raise BoxKeyError(str(err)) from _exception_cause(err)
box.exceptions.BoxKeyError: "'ConfigBox' object has no attribute 'evaluation_strategy'"

During handling of the above exception, another exception occurred:

Traceback (most recent call last):
  File "/opt/anaconda3/envs/summary/lib/python3.8/site-packages/box/box.py", line 503, in __getitem__
    return super().__getitem__(item)
KeyError: 'evaluation_strategy'

The above exception was the direct cause of the following exception:

Traceback (most recent call last):
  File "/opt/anaconda3/envs/summary/lib/python3.8/site-packages/box/box.py", line 536, in __getattr__
    value = self.__getitem__(item, _ignore_default=True)
  File "/opt/anaconda3/envs/summary/lib/python3.8/site-packages/box/box.py", line 524, in __getitem__
    raise BoxKeyError(str(err)) from _exception_cause(err)
box.exceptions.BoxKeyError: "'evaluation_strategy'"

During handling of the above exception, another exception occurred:

Traceback (most recent call last):
  File "/opt/anaconda3/envs/summary/lib/python3.8/site-packages/box/box.py", line 538, in __getattr__
    value = object.__getattribute__(self, item)
AttributeError: 'ConfigBox' object has no attribute 'evaluation_strategy'

The above exception was the direct cause of the following exception:

Traceback (most recent call last):
  File "main.py", line 54, in <module>
    model_trainer.main()
  File "/Users/preetyrai/TextSummarization/src/textSummarizer/pipeline/stage_04_model_trainer.py", line 12, in main
    model_trainer_config = config.get_model_trainer_config()
  File "/Users/preetyrai/TextSummarization/src/textSummarizer/config/configuration.py", line 83, in get_model_trainer_config
    evaluation_strategy = params.evaluation_strategy,
  File "/opt/anaconda3/envs/summary/lib/python3.8/site-packages/box/config_box.py", line 30, in __getattr__
    return super().__getattr__(item.lower())
  File "/opt/anaconda3/envs/summary/lib/python3.8/site-packages/box/box.py", line 552, in __getattr__
    raise BoxKeyError(str(err)) from _exception_cause(err)
box.exceptions.BoxKeyError: "'ConfigBox' object has no attribute 'evaluation_strategy'"
[2025-04-16 04:01:44,068: INFO: config: PyTorch version 2.4.1 available.]
[2025-04-16 04:01:44,589: INFO: main: >>>>>> stage Data Ingestion stage started <<<<<<]
[2025-04-16 04:01:44,591: INFO: common: yaml file: config/config.yaml loaded successfully]
[2025-04-16 04:01:44,592: INFO: common: yaml file: params.yaml loaded successfully]
[2025-04-16 04:01:44,592: INFO: common: created directory at: artifacts]
[2025-04-16 04:01:44,592: INFO: common: created directory at: artifacts/data_ingestion]
[2025-04-16 04:01:44,592: INFO: data_ingestion: File already exists of size: ~ 7718 KB]
[2025-04-16 04:01:44,677: INFO: main: >>>>>> stage Data Ingestion stage completed <<<<<<

x==========x]
[2025-04-16 04:01:44,677: INFO: main: >>>>>> stage Data Validation stage started <<<<<<]
[2025-04-16 04:01:44,678: INFO: common: yaml file: config/config.yaml loaded successfully]
[2025-04-16 04:01:44,679: INFO: common: yaml file: params.yaml loaded successfully]
[2025-04-16 04:01:44,679: INFO: common: created directory at: artifacts]
[2025-04-16 04:01:44,679: INFO: common: created directory at: artifacts/data_validation]
[2025-04-16 04:01:44,679: INFO: main: >>>>>> stage Data Validation stage completed <<<<<<

x==========x]
[2025-04-16 04:01:44,679: INFO: main: >>>>>> stage Data Transformation stage started <<<<<<]
[2025-04-16 04:01:44,681: INFO: common: yaml file: config/config.yaml loaded successfully]
[2025-04-16 04:01:44,681: INFO: common: yaml file: params.yaml loaded successfully]
[2025-04-16 04:01:44,681: INFO: common: created directory at: artifacts]
[2025-04-16 04:01:44,681: INFO: common: created directory at: artifacts/data_transformation]
[2025-04-16 04:01:46,783: INFO: main: >>>>>> stage Data Transformation stage completed <<<<<<

x==========x]
[2025-04-16 04:01:46,784: INFO: main: *******************]
[2025-04-16 04:01:46,784: INFO: main: >>>>>> stage Model Trainer stage started <<<<<<]
[2025-04-16 04:01:46,785: INFO: common: yaml file: config/config.yaml loaded successfully]
[2025-04-16 04:01:46,786: INFO: common: yaml file: params.yaml loaded successfully]
[2025-04-16 04:01:46,786: INFO: common: created directory at: artifacts]
[2025-04-16 04:01:46,786: INFO: common: created directory at: artifacts/model_trainer]
[2025-04-16 04:07:08,992: ERROR: main: Using the `Trainer` with `PyTorch` requires `accelerate>=0.26.0`: Please run `pip install transformers[torch]` or `pip install 'accelerate>={ACCELERATE_MIN_VERSION}'`]
Traceback (most recent call last):
  File "main.py", line 54, in <module>
    model_trainer.main()
  File "/Users/preetyrai/TextSummarization/src/textSummarizer/pipeline/stage_04_model_trainer.py", line 14, in main
    model_trainer_config.train()
  File "/Users/preetyrai/TextSummarization/src/textSummarizer/components/model_trainer.py", line 34, in train
    trainer_args = TrainingArguments(
  File "<string>", line 134, in __init__
  File "/opt/anaconda3/envs/summary/lib/python3.8/site-packages/transformers/training_args.py", line 1773, in __post_init__
    self.device
  File "/opt/anaconda3/envs/summary/lib/python3.8/site-packages/transformers/training_args.py", line 2299, in device
    return self._setup_devices
  File "/opt/anaconda3/envs/summary/lib/python3.8/site-packages/transformers/utils/generic.py", line 60, in __get__
    cached = self.fget(obj)
  File "/opt/anaconda3/envs/summary/lib/python3.8/site-packages/transformers/training_args.py", line 2172, in _setup_devices
    raise ImportError(
ImportError: Using the `Trainer` with `PyTorch` requires `accelerate>=0.26.0`: Please run `pip install transformers[torch]` or `pip install 'accelerate>={ACCELERATE_MIN_VERSION}'`
[2025-04-16 04:25:17,495: INFO: config: PyTorch version 2.4.1 available.]
[2025-04-16 04:25:21,121: INFO: main: >>>>>> stage Data Ingestion stage started <<<<<<]
[2025-04-16 04:25:21,123: INFO: common: yaml file: config/config.yaml loaded successfully]
[2025-04-16 04:25:21,124: INFO: common: yaml file: params.yaml loaded successfully]
[2025-04-16 04:25:21,124: INFO: common: created directory at: artifacts]
[2025-04-16 04:25:21,124: INFO: common: created directory at: artifacts/data_ingestion]
[2025-04-16 04:25:21,124: INFO: data_ingestion: File already exists of size: ~ 7718 KB]
[2025-04-16 04:25:21,231: INFO: main: >>>>>> stage Data Ingestion stage completed <<<<<<

x==========x]
[2025-04-16 04:25:21,231: INFO: main: >>>>>> stage Data Validation stage started <<<<<<]
[2025-04-16 04:25:21,232: INFO: common: yaml file: config/config.yaml loaded successfully]
[2025-04-16 04:25:21,233: INFO: common: yaml file: params.yaml loaded successfully]
[2025-04-16 04:25:21,233: INFO: common: created directory at: artifacts]
[2025-04-16 04:25:21,233: INFO: common: created directory at: artifacts/data_validation]
[2025-04-16 04:25:21,234: INFO: main: >>>>>> stage Data Validation stage completed <<<<<<

x==========x]
[2025-04-16 04:25:21,234: INFO: main: >>>>>> stage Data Transformation stage started <<<<<<]
[2025-04-16 04:25:21,235: INFO: common: yaml file: config/config.yaml loaded successfully]
[2025-04-16 04:25:21,236: INFO: common: yaml file: params.yaml loaded successfully]
[2025-04-16 04:25:21,236: INFO: common: created directory at: artifacts]
[2025-04-16 04:25:21,236: INFO: common: created directory at: artifacts/data_transformation]
[2025-04-16 04:25:23,446: INFO: main: >>>>>> stage Data Transformation stage completed <<<<<<

x==========x]
[2025-04-16 04:25:23,447: INFO: main: *******************]
[2025-04-16 04:25:23,447: INFO: main: >>>>>> stage Model Trainer stage started <<<<<<]
[2025-04-16 04:25:23,448: INFO: common: yaml file: config/config.yaml loaded successfully]
[2025-04-16 04:25:23,449: INFO: common: yaml file: params.yaml loaded successfully]
[2025-04-16 04:25:23,449: INFO: common: created directory at: artifacts]
[2025-04-16 04:25:23,449: INFO: common: created directory at: artifacts/model_trainer]
[2025-04-16 04:39:03,746: INFO: config: PyTorch version 2.4.1 available.]
[2025-04-16 04:39:33,663: INFO: common: yaml file: config/config.yaml loaded successfully]
[2025-04-16 04:39:33,666: INFO: common: yaml file: params.yaml loaded successfully]
[2025-04-16 04:39:33,668: INFO: common: created directory at: artifacts]
[2025-04-16 04:39:33,669: INFO: common: created directory at: artifacts/model_evaluation]
